cEnemyMissile.obj : error LNK2019: nierozpoznany symbol zewnętrzny "__declspec(dllimport) public: void __cdecl sf::Transformable::setPosition(class sf::Vector2<float> const &)" (__imp_?setPosition@Transformable@sf@@QEAAXAEBV?$Vector2@M@2@@Z) przywołany w funkcji "public: __cdecl cEnemyMissile::cEnemyMissile(class sf::Vector2<float>)" (??0cEnemyMissile@@QEAA@V?$Vector2@M@sf@@@Z)
cHeroMissile.obj : error LNK2001: nierozpoznany symbol zewnętrzny "__declspec(dllimport) public: void __cdecl sf::Transformable::setPosition(class sf::Vector2<float> const &)" (__imp_?setPosition@Transformable@sf@@QEAAXAEBV?$Vector2@M@2@@Z)
cInvader2.obj : error LNK2001: nierozpoznany symbol zewnętrzny "__declspec(dllimport) public: void __cdecl sf::Transformable::setOrigin(float,float)" (__imp_?setOrigin@Transformable@sf@@QEAAXMM@Z)
cEnemyMissile.obj : error LNK2001: nierozpoznany symbol zewnętrzny "__declspec(dllimport) public: void __cdecl sf::Transformable::setOrigin(float,float)" (__imp_?setOrigin@Transformable@sf@@QEAAXMM@Z)
cHero.obj : error LNK2001: nierozpoznany symbol zewnętrzny "__declspec(dllimport) public: void __cdecl sf::Transformable::setOrigin(float,float)" (__imp_?setOrigin@Transformable@sf@@QEAAXMM@Z)
cHeroMissile.obj : error LNK2001: nierozpoznany symbol zewnętrzny "__declspec(dllimport) public: void __cdecl sf::Transformable::setOrigin(float,float)" (__imp_?setOrigin@Transformable@sf@@QEAAXMM@Z)
cInvader1.obj : error LNK2001: nierozpoznany symbol zewnętrzny "__declspec(dllimport) public: void __cdecl sf::Transformable::setOrigin(float,float)" (__imp_?setOrigin@Transformable@sf@@QEAAXMM@Z)
cInvader1.obj : error LNK2001: nierozpoznany symbol zewnętrzny "__declspec(dllimport) public: class sf::Vector2<float> const & __cdecl sf::Transformable::getPosition(void)const " (__imp_?getPosition@Transformable@sf@@QEBAAEBV?$Vector2@M@2@XZ)
cInvader2.obj : error LNK2001: nierozpoznany symbol zewnętrzny "__declspec(dllimport) public: class sf::Vector2<float> const & __cdecl sf::Transformable::getPosition(void)const " (__imp_?getPosition@Transformable@sf@@QEBAAEBV?$Vector2@M@2@XZ)
cEnemyMissile.obj : error LNK2001: nierozpoznany symbol zewnętrzny "__declspec(dllimport) public: class sf::Vector2<float> const & __cdecl sf::Transformable::getPosition(void)const " (__imp_?getPosition@Transformable@sf@@QEBAAEBV?$Vector2@M@2@XZ)
cHero.obj : error LNK2001: nierozpoznany symbol zewnętrzny "__declspec(dllimport) public: class sf::Vector2<float> const & __cdecl sf::Transformable::getPosition(void)const " (__imp_?getPosition@Transformable@sf@@QEBAAEBV?$Vector2@M@2@XZ)
cHeroMissile.obj : error LNK2001: nierozpoznany symbol zewnętrzny "__declspec(dllimport) public: class sf::Vector2<float> const & __cdecl sf::Transformable::getPosition(void)const " (__imp_?getPosition@Transformable@sf@@QEBAAEBV?$Vector2@M@2@XZ)
cInvader.obj : error LNK2001: nierozpoznany symbol zewnętrzny "__declspec(dllimport) public: class sf::Vector2<float> const & __cdecl sf::Transformable::getPosition(void)const " (__imp_?getPosition@Transformable@sf@@QEBAAEBV?$Vector2@M@2@XZ)
cEnemyMissile.obj : error LNK2019: nierozpoznany symbol zewnętrzny "__declspec(dllimport) public: void __cdecl sf::Transformable::move(float,float)" (__imp_?move@Transformable@sf@@QEAAXMM@Z) przywołany w funkcji "public: void __cdecl cEnemyMissile::Update(void)" (?Update@cEnemyMissile@@QEAAXXZ)
cHeroMissile.obj : error LNK2001: nierozpoznany symbol zewnętrzny "__declspec(dllimport) public: void __cdecl sf::Transformable::move(float,float)" (__imp_?move@Transformable@sf@@QEAAXMM@Z)
cInvader1.obj : error LNK2001: nierozpoznany symbol zewnętrzny "__declspec(dllimport) public: void __cdecl sf::Transformable::move(float,float)" (__imp_?move@Transformable@sf@@QEAAXMM@Z)
cInvader2.obj : error LNK2001: nierozpoznany symbol zewnętrzny "__declspec(dllimport) public: void __cdecl sf::Transformable::move(float,float)" (__imp_?move@Transformable@sf@@QEAAXMM@Z)
cEnemyMissile.obj : error LNK2019: nierozpoznany symbol zewnętrzny "__declspec(dllimport) public: __cdecl sf::Color::Color(unsigned char,unsigned char,unsigned char,unsigned char)" (__imp_??0Color@sf@@QEAA@EEEE@Z) przywołany w funkcji "public: __cdecl cEnemyMissile::cEnemyMissile(class sf::Vector2<float>)" (??0cEnemyMissile@@QEAA@V?$Vector2@M@sf@@@Z)
cHeroMissile.obj : error LNK2001: nierozpoznany symbol zewnętrzny "__declspec(dllimport) public: __cdecl sf::Color::Color(unsigned char,unsigned char,unsigned char,unsigned char)" (__imp_??0Color@sf@@QEAA@EEEE@Z)
cSpace.obj : error LNK2001: nierozpoznany symbol zewnętrzny "__declspec(dllimport) public: __cdecl sf::Color::Color(unsigned char,unsigned char,unsigned char,unsigned char)" (__imp_??0Color@sf@@QEAA@EEEE@Z)
cEnemyMissile.obj : error LNK2019: nierozpoznany symbol zewnętrzny "__declspec(dllimport) public: void __cdecl sf::Shape::setFillColor(class sf::Color const &)" (__imp_?setFillColor@Shape@sf@@QEAAXAEBVColor@2@@Z) przywołany w funkcji "public: __cdecl cEnemyMissile::cEnemyMissile(class sf::Vector2<float>)" (??0cEnemyMissile@@QEAA@V?$Vector2@M@sf@@@Z)
cHeroMissile.obj : error LNK2001: nierozpoznany symbol zewnętrzny "__declspec(dllimport) public: void __cdecl sf::Shape::setFillColor(class sf::Color const &)" (__imp_?setFillColor@Shape@sf@@QEAAXAEBVColor@2@@Z)
cInvader2.obj : error LNK2001: nierozpoznany symbol zewnętrzny "__declspec(dllimport) public: __cdecl sf::Texture::Texture(void)" (__imp_??0Texture@sf@@QEAA@XZ)
cSpace.obj : error LNK2001: nierozpoznany symbol zewnętrzny "__declspec(dllimport) public: __cdecl sf::Texture::Texture(void)" (__imp_??0Texture@sf@@QEAA@XZ)
cEnemyMissile.obj : error LNK2001: nierozpoznany symbol zewnętrzny "__declspec(dllimport) public: __cdecl sf::Texture::Texture(void)" (__imp_??0Texture@sf@@QEAA@XZ)
cHero.obj : error LNK2001: nierozpoznany symbol zewnętrzny "__declspec(dllimport) public: __cdecl sf::Texture::Texture(void)" (__imp_??0Texture@sf@@QEAA@XZ)
cHeroMissile.obj : error LNK2001: nierozpoznany symbol zewnętrzny "__declspec(dllimport) public: __cdecl sf::Texture::Texture(void)" (__imp_??0Texture@sf@@QEAA@XZ)
cInvader1.obj : error LNK2001: nierozpoznany symbol zewnętrzny "__declspec(dllimport) public: __cdecl sf::Texture::Texture(void)" (__imp_??0Texture@sf@@QEAA@XZ)
cInvader2.obj : error LNK2001: nierozpoznany symbol zewnętrzny "__declspec(dllimport) public: __cdecl sf::Texture::~Texture(void)" (__imp_??1Texture@sf@@QEAA@XZ)
cSpace.obj : error LNK2001: nierozpoznany symbol zewnętrzny "__declspec(dllimport) public: __cdecl sf::Texture::~Texture(void)" (__imp_??1Texture@sf@@QEAA@XZ)
cEnemyMissile.obj : error LNK2001: nierozpoznany symbol zewnętrzny "__declspec(dllimport) public: __cdecl sf::Texture::~Texture(void)" (__imp_??1Texture@sf@@QEAA@XZ)
cHero.obj : error LNK2001: nierozpoznany symbol zewnętrzny "__declspec(dllimport) public: __cdecl sf::Texture::~Texture(void)" (__imp_??1Texture@sf@@QEAA@XZ)
cHeroMissile.obj : error LNK2001: nierozpoznany symbol zewnętrzny "__declspec(dllimport) public: __cdecl sf::Texture::~Texture(void)" (__imp_??1Texture@sf@@QEAA@XZ)
cInvader1.obj : error LNK2001: nierozpoznany symbol zewnętrzny "__declspec(dllimport) public: __cdecl sf::Texture::~Texture(void)" (__imp_??1Texture@sf@@QEAA@XZ)
cInvader2.obj : error LNK2001: nierozpoznany symbol zewnętrzny "__declspec(dllimport) public: __cdecl sf::RectangleShape::RectangleShape(class sf::Vector2<float> const &)" (__imp_??0RectangleShape@sf@@QEAA@AEBV?$Vector2@M@1@@Z)
cEnemyMissile.obj : error LNK2001: nierozpoznany symbol zewnętrzny "__declspec(dllimport) public: __cdecl sf::RectangleShape::RectangleShape(class sf::Vector2<float> const &)" (__imp_??0RectangleShape@sf@@QEAA@AEBV?$Vector2@M@1@@Z)
cHero.obj : error LNK2001: nierozpoznany symbol zewnętrzny "__declspec(dllimport) public: __cdecl sf::RectangleShape::RectangleShape(class sf::Vector2<float> const &)" (__imp_??0RectangleShape@sf@@QEAA@AEBV?$Vector2@M@1@@Z)
cHeroMissile.obj : error LNK2001: nierozpoznany symbol zewnętrzny "__declspec(dllimport) public: __cdecl sf::RectangleShape::RectangleShape(class sf::Vector2<float> const &)" (__imp_??0RectangleShape@sf@@QEAA@AEBV?$Vector2@M@1@@Z)
cInvader1.obj : error LNK2001: nierozpoznany symbol zewnętrzny "__declspec(dllimport) public: __cdecl sf::RectangleShape::RectangleShape(class sf::Vector2<float> const &)" (__imp_??0RectangleShape@sf@@QEAA@AEBV?$Vector2@M@1@@Z)
cInvader2.obj : error LNK2001: nierozpoznany symbol zewnętrzny "__declspec(dllimport) public: void __cdecl sf::RectangleShape::setSize(class sf::Vector2<float> const &)" (__imp_?setSize@RectangleShape@sf@@QEAAXAEBV?$Vector2@M@2@@Z)
cEnemyMissile.obj : error LNK2001: nierozpoznany symbol zewnętrzny "__declspec(dllimport) public: void __cdecl sf::RectangleShape::setSize(class sf::Vector2<float> const &)" (__imp_?setSize@RectangleShape@sf@@QEAAXAEBV?$Vector2@M@2@@Z)
cHero.obj : error LNK2001: nierozpoznany symbol zewnętrzny "__declspec(dllimport) public: void __cdecl sf::RectangleShape::setSize(class sf::Vector2<float> const &)" (__imp_?setSize@RectangleShape@sf@@QEAAXAEBV?$Vector2@M@2@@Z)
cHeroMissile.obj : error LNK2001: nierozpoznany symbol zewnętrzny "__declspec(dllimport) public: void __cdecl sf::RectangleShape::setSize(class sf::Vector2<float> const &)" (__imp_?setSize@RectangleShape@sf@@QEAAXAEBV?$Vector2@M@2@@Z)
cInvader1.obj : error LNK2001: nierozpoznany symbol zewnętrzny "__declspec(dllimport) public: void __cdecl sf::RectangleShape::setSize(class sf::Vector2<float> const &)" (__imp_?setSize@RectangleShape@sf@@QEAAXAEBV?$Vector2@M@2@@Z)
cInvader1.obj : error LNK2001: nierozpoznany symbol zewnętrzny "__declspec(dllimport) public: class sf::Vector2<float> const & __cdecl sf::RectangleShape::getSize(void)const " (__imp_?getSize@RectangleShape@sf@@QEBAAEBV?$Vector2@M@2@XZ)
cInvader2.obj : error LNK2001: nierozpoznany symbol zewnętrzny "__declspec(dllimport) public: class sf::Vector2<float> const & __cdecl sf::RectangleShape::getSize(void)const " (__imp_?getSize@RectangleShape@sf@@QEBAAEBV?$Vector2@M@2@XZ)
cEnemyMissile.obj : error LNK2001: nierozpoznany symbol zewnętrzny "__declspec(dllimport) public: class sf::Vector2<float> const & __cdecl sf::RectangleShape::getSize(void)const " (__imp_?getSize@RectangleShape@sf@@QEBAAEBV?$Vector2@M@2@XZ)
cHero.obj : error LNK2001: nierozpoznany symbol zewnętrzny "__declspec(dllimport) public: class sf::Vector2<float> const & __cdecl sf::RectangleShape::getSize(void)const " (__imp_?getSize@RectangleShape@sf@@QEBAAEBV?$Vector2@M@2@XZ)
cHeroMissile.obj : error LNK2001: nierozpoznany symbol zewnętrzny "__declspec(dllimport) public: class sf::Vector2<float> const & __cdecl sf::RectangleShape::getSize(void)const " (__imp_?getSize@RectangleShape@sf@@QEBAAEBV?$Vector2@M@2@XZ)
cInvader.obj : error LNK2001: nierozpoznany symbol zewnętrzny "__declspec(dllimport) public: class sf::Vector2<float> const & __cdecl sf::RectangleShape::getSize(void)const " (__imp_?getSize@RectangleShape@sf@@QEBAAEBV?$Vector2@M@2@XZ)
cInvader2.obj : error LNK2001: nierozpoznany symbol zewnętrzny "__declspec(dllimport) public: virtual __cdecl sf::RectangleShape::~RectangleShape(void)" (__imp_??1RectangleShape@sf@@UEAA@XZ)
cSpace.obj : error LNK2001: nierozpoznany symbol zewnętrzny "__declspec(dllimport) public: virtual __cdecl sf::RectangleShape::~RectangleShape(void)" (__imp_??1RectangleShape@sf@@UEAA@XZ)
cEnemyMissile.obj : error LNK2001: nierozpoznany symbol zewnętrzny "__declspec(dllimport) public: virtual __cdecl sf::RectangleShape::~RectangleShape(void)" (__imp_??1RectangleShape@sf@@UEAA@XZ)
cHero.obj : error LNK2001: nierozpoznany symbol zewnętrzny "__declspec(dllimport) public: virtual __cdecl sf::RectangleShape::~RectangleShape(void)" (__imp_??1RectangleShape@sf@@UEAA@XZ)
cHeroMissile.obj : error LNK2001: nierozpoznany symbol zewnętrzny "__declspec(dllimport) public: virtual __cdecl sf::RectangleShape::~RectangleShape(void)" (__imp_??1RectangleShape@sf@@UEAA@XZ)
cInvader1.obj : error LNK2001: nierozpoznany symbol zewnętrzny "__declspec(dllimport) public: virtual __cdecl sf::RectangleShape::~RectangleShape(void)" (__imp_??1RectangleShape@sf@@UEAA@XZ)
cSpace.obj : error LNK2001: nierozpoznany symbol zewnętrzny "__declspec(dllimport) public: void __cdecl sf::RenderTarget::draw(class sf::Drawable const &,class sf::RenderStates const &)" (__imp_?draw@RenderTarget@sf@@QEAAXAEBVDrawable@2@AEBVRenderStates@2@@Z)
cEnemyMissile.obj : error LNK2001: nierozpoznany symbol zewnętrzny "__declspec(dllimport) public: void __cdecl sf::RenderTarget::draw(class sf::Drawable const &,class sf::RenderStates const &)" (__imp_?draw@RenderTarget@sf@@QEAAXAEBVDrawable@2@AEBVRenderStates@2@@Z)
cHero.obj : error LNK2001: nierozpoznany symbol zewnętrzny "__declspec(dllimport) public: void __cdecl sf::RenderTarget::draw(class sf::Drawable const &,class sf::RenderStates const &)" (__imp_?draw@RenderTarget@sf@@QEAAXAEBVDrawable@2@AEBVRenderStates@2@@Z)
cHeroMissile.obj : error LNK2001: nierozpoznany symbol zewnętrzny "__declspec(dllimport) public: void __cdecl sf::RenderTarget::draw(class sf::Drawable const &,class sf::RenderStates const &)" (__imp_?draw@RenderTarget@sf@@QEAAXAEBVDrawable@2@AEBVRenderStates@2@@Z)
cInvader.obj : error LNK2001: nierozpoznany symbol zewnętrzny "__declspec(dllimport) public: void __cdecl sf::RenderTarget::draw(class sf::Drawable const &,class sf::RenderStates const &)" (__imp_?draw@RenderTarget@sf@@QEAAXAEBVDrawable@2@AEBVRenderStates@2@@Z)
cSpace.obj : error LNK2001: nierozpoznany symbol zewnętrzny "__declspec(dllimport) public: static class sf::RenderStates const sf::RenderStates::Default" (__imp_?Default@RenderStates@sf@@2V12@B)
cEnemyMissile.obj : error LNK2001: nierozpoznany symbol zewnętrzny "__declspec(dllimport) public: static class sf::RenderStates const sf::RenderStates::Default" (__imp_?Default@RenderStates@sf@@2V12@B)
cHero.obj : error LNK2001: nierozpoznany symbol zewnętrzny "__declspec(dllimport) public: static class sf::RenderStates const sf::RenderStates::Default" (__imp_?Default@RenderStates@sf@@2V12@B)
cHeroMissile.obj : error LNK2001: nierozpoznany symbol zewnętrzny "__declspec(dllimport) public: static class sf::RenderStates const sf::RenderStates::Default" (__imp_?Default@RenderStates@sf@@2V12@B)
cInvader.obj : error LNK2001: nierozpoznany symbol zewnętrzny "__declspec(dllimport) public: static class sf::RenderStates const sf::RenderStates::Default" (__imp_?Default@RenderStates@sf@@2V12@B)
cHero.obj : error LNK2019: nierozpoznany symbol zewnętrzny "__declspec(dllimport) public: __cdecl sf::Time::Time(void)" (__imp_??0Time@sf@@QEAA@XZ) przywołany w funkcji "public: __cdecl cHero::cHero(class sf::VideoMode)" (??0cHero@@QEAA@VVideoMode@sf@@@Z)
cInvader1.obj : error LNK2001: nierozpoznany symbol zewnętrzny "__declspec(dllimport) public: __cdecl sf::Time::Time(void)" (__imp_??0Time@sf@@QEAA@XZ)
cInvader2.obj : error LNK2001: nierozpoznany symbol zewnętrzny "__declspec(dllimport) public: __cdecl sf::Time::Time(void)" (__imp_??0Time@sf@@QEAA@XZ)
cHero.obj : error LNK2019: nierozpoznany symbol zewnętrzny "__declspec(dllimport) public: float __cdecl sf::Time::asSeconds(void)const " (__imp_?asSeconds@Time@sf@@QEBAMXZ) przywołany w funkcji "public: void __cdecl cHero::Shoot(void)" (?Shoot@cHero@@QEAAXXZ)
cInvader1.obj : error LNK2001: nierozpoznany symbol zewnętrzny "__declspec(dllimport) public: float __cdecl sf::Time::asSeconds(void)const " (__imp_?asSeconds@Time@sf@@QEBAMXZ)
cInvader2.obj : error LNK2001: nierozpoznany symbol zewnętrzny "__declspec(dllimport) public: float __cdecl sf::Time::asSeconds(void)const " (__imp_?asSeconds@Time@sf@@QEBAMXZ)
cHero.obj : error LNK2019: nierozpoznany symbol zewnętrzny "__declspec(dllimport) public: __cdecl sf::Clock::Clock(void)" (__imp_??0Clock@sf@@QEAA@XZ) przywołany w funkcji "public: __cdecl cHero::cHero(class sf::VideoMode)" (??0cHero@@QEAA@VVideoMode@sf@@@Z)
cInvader1.obj : error LNK2001: nierozpoznany symbol zewnętrzny "__declspec(dllimport) public: __cdecl sf::Clock::Clock(void)" (__imp_??0Clock@sf@@QEAA@XZ)
cInvader2.obj : error LNK2001: nierozpoznany symbol zewnętrzny "__declspec(dllimport) public: __cdecl sf::Clock::Clock(void)" (__imp_??0Clock@sf@@QEAA@XZ)
cHero.obj : error LNK2019: nierozpoznany symbol zewnętrzny "__declspec(dllimport) public: class sf::Time __cdecl sf::Clock::getElapsedTime(void)const " (__imp_?getElapsedTime@Clock@sf@@QEBA?AVTime@2@XZ) przywołany w funkcji "public: void __cdecl cHero::Shoot(void)" (?Shoot@cHero@@QEAAXXZ)
cInvader1.obj : error LNK2001: nierozpoznany symbol zewnętrzny "__declspec(dllimport) public: class sf::Time __cdecl sf::Clock::getElapsedTime(void)const " (__imp_?getElapsedTime@Clock@sf@@QEBA?AVTime@2@XZ)
cInvader2.obj : error LNK2001: nierozpoznany symbol zewnętrzny "__declspec(dllimport) public: class sf::Time __cdecl sf::Clock::getElapsedTime(void)const " (__imp_?getElapsedTime@Clock@sf@@QEBA?AVTime@2@XZ)
cHero.obj : error LNK2019: nierozpoznany symbol zewnętrzny "__declspec(dllimport) public: class sf::Time __cdecl sf::Clock::restart(void)" (__imp_?restart@Clock@sf@@QEAA?AVTime@2@XZ) przywołany w funkcji "public: void __cdecl cHero::Shoot(void)" (?Shoot@cHero@@QEAAXXZ)
cInvader1.obj : error LNK2001: nierozpoznany symbol zewnętrzny "__declspec(dllimport) public: class sf::Time __cdecl sf::Clock::restart(void)" (__imp_?restart@Clock@sf@@QEAA?AVTime@2@XZ)
cInvader2.obj : error LNK2001: nierozpoznany symbol zewnętrzny "__declspec(dllimport) public: class sf::Time __cdecl sf::Clock::restart(void)" (__imp_?restart@Clock@sf@@QEAA?AVTime@2@XZ)
cHero.obj : error LNK2019: nierozpoznany symbol zewnętrzny "__declspec(dllimport) public: static bool __cdecl sf::Keyboard::isKeyPressed(enum sf::Keyboard::Key)" (__imp_?isKeyPressed@Keyboard@sf@@SA_NW4Key@12@@Z) przywołany w funkcji "public: void __cdecl cHero::Update(unsigned int)" (?Update@cHero@@QEAAXI@Z)
cSpace.obj : error LNK2001: nierozpoznany symbol zewnętrzny "__declspec(dllimport) public: static bool __cdecl sf::Keyboard::isKeyPressed(enum sf::Keyboard::Key)" (__imp_?isKeyPressed@Keyboard@sf@@SA_NW4Key@12@@Z)
cHero.obj : error LNK2019: nierozpoznany symbol zewnętrzny "__declspec(dllimport) public: void __cdecl sf::Transformable::setPosition(float,float)" (__imp_?setPosition@Transformable@sf@@QEAAXMM@Z) przywołany w funkcji "public: __cdecl cHero::cHero(class sf::VideoMode)" (??0cHero@@QEAA@VVideoMode@sf@@@Z)
cInvader1.obj : error LNK2001: nierozpoznany symbol zewnętrzny "__declspec(dllimport) public: void __cdecl sf::Transformable::setPosition(float,float)" (__imp_?setPosition@Transformable@sf@@QEAAXMM@Z)
cInvader2.obj : error LNK2001: nierozpoznany symbol zewnętrzny "__declspec(dllimport) public: void __cdecl sf::Transformable::setPosition(float,float)" (__imp_?setPosition@Transformable@sf@@QEAAXMM@Z)
cHero.obj : error LNK2019: nierozpoznany symbol zewnętrzny "__declspec(dllimport) public: void __cdecl sf::Transformable::move(class sf::Vector2<float> const &)" (__imp_?move@Transformable@sf@@QEAAXAEBV?$Vector2@M@2@@Z) przywołany w funkcji "public: void __cdecl cHero::Update(unsigned int)" (?Update@cHero@@QEAAXI@Z)
cHero.obj : error LNK2019: nierozpoznany symbol zewnętrzny "__declspec(dllimport) public: void __cdecl sf::Shape::setTexture(class sf::Texture const *,bool)" (__imp_?setTexture@Shape@sf@@QEAAXPEBVTexture@2@_N@Z) przywołany w funkcji "public: __cdecl cHero::cHero(class sf::VideoMode)" (??0cHero@@QEAA@VVideoMode@sf@@@Z)
cInvader1.obj : error LNK2001: nierozpoznany symbol zewnętrzny "__declspec(dllimport) public: void __cdecl sf::Shape::setTexture(class sf::Texture const *,bool)" (__imp_?setTexture@Shape@sf@@QEAAXPEBVTexture@2@_N@Z)
cInvader2.obj : error LNK2001: nierozpoznany symbol zewnętrzny "__declspec(dllimport) public: void __cdecl sf::Shape::setTexture(class sf::Texture const *,bool)" (__imp_?setTexture@Shape@sf@@QEAAXPEBVTexture@2@_N@Z)
cHero.obj : error LNK2019: nierozpoznany symbol zewnętrzny "__declspec(dllimport) public: class sf::Rect<float> __cdecl sf::Shape::getGlobalBounds(void)const " (__imp_?getGlobalBounds@Shape@sf@@QEBA?AV?$Rect@M@2@XZ) przywołany w funkcji "public: bool __cdecl cHero::checkCollision(class sf::RectangleShape const &)" (?checkCollision@cHero@@QEAA_NAEBVRectangleShape@sf@@@Z)
cHero.obj : error LNK2019: nierozpoznany symbol zewnętrzny "__declspec(dllimport) public: bool __cdecl sf::Texture::loadFromFile(class std::basic_string<char,struct std::char_traits<char>,class std::allocator<char> > const &,class sf::Rect<int> const &)" (__imp_?loadFromFile@Texture@sf@@QEAA_NAEBV?$basic_string@DU?$char_traits@D@std@@V?$allocator@D@2@@std@@AEBV?$Rect@H@2@@Z) przywołany w funkcji "public: __cdecl cHero::cHero(class sf::VideoMode)" (??0cHero@@QEAA@VVideoMode@sf@@@Z)
cInvader1.obj : error LNK2001: nierozpoznany symbol zewnętrzny "__declspec(dllimport) public: bool __cdecl sf::Texture::loadFromFile(class std::basic_string<char,struct std::char_traits<char>,class std::allocator<char> > const &,class sf::Rect<int> const &)" (__imp_?loadFromFile@Texture@sf@@QEAA_NAEBV?$basic_string@DU?$char_traits@D@std@@V?$allocator@D@2@@std@@AEBV?$Rect@H@2@@Z)
cInvader2.obj : error LNK2001: nierozpoznany symbol zewnętrzny "__declspec(dllimport) public: bool __cdecl sf::Texture::loadFromFile(class std::basic_string<char,struct std::char_traits<char>,class std::allocator<char> > const &,class sf::Rect<int> const &)" (__imp_?loadFromFile@Texture@sf@@QEAA_NAEBV?$basic_string@DU?$char_traits@D@std@@V?$allocator@D@2@@std@@AEBV?$Rect@H@2@@Z)
cSpace.obj : error LNK2001: nierozpoznany symbol zewnętrzny "__declspec(dllimport) public: bool __cdecl sf::Texture::loadFromFile(class std::basic_string<char,struct std::char_traits<char>,class std::allocator<char> > const &,class sf::Rect<int> const &)" (__imp_?loadFromFile@Texture@sf@@QEAA_NAEBV?$basic_string@DU?$char_traits@D@std@@V?$allocator@D@2@@std@@AEBV?$Rect@H@2@@Z)
cInvader1.obj : error LNK2019: nierozpoznany symbol zewnętrzny "__declspec(dllimport) public: __int64 __cdecl sf::Time::asMicroseconds(void)const " (__imp_?asMicroseconds@Time@sf@@QEBA_JXZ) przywołany w funkcji "public: virtual void __cdecl cInvader1::Update(void)" (?Update@cInvader1@@UEAAXXZ)
cInvader2.obj : error LNK2001: nierozpoznany symbol zewnętrzny "__declspec(dllimport) public: __int64 __cdecl sf::Time::asMicroseconds(void)const " (__imp_?asMicroseconds@Time@sf@@QEBA_JXZ)
main.obj : error LNK2019: nierozpoznany symbol zewnętrzny "__declspec(dllimport) public: __cdecl sf::String::String(char const *,class std::locale const &)" (__imp_??0String@sf@@QEAA@PEBDAEBVlocale@std@@@Z) przywołany w funkcji main
main.obj : error LNK2019: nierozpoznany symbol zewnętrzny "__declspec(dllimport) public: __cdecl sf::String::~String(void)" (__imp_??1String@sf@@QEAA@XZ) przywołany w funkcji main
main.obj : error LNK2019: nierozpoznany symbol zewnętrzny "__declspec(dllimport) public: __cdecl sf::VideoMode::VideoMode(unsigned int,unsigned int,unsigned int)" (__imp_??0VideoMode@sf@@QEAA@III@Z) przywołany w funkcji main
main.obj : error LNK2019: nierozpoznany symbol zewnętrzny "__declspec(dllimport) public: bool __cdecl sf::Window::isOpen(void)const " (__imp_?isOpen@Window@sf@@QEBA_NXZ) przywołany w funkcji main
main.obj : error LNK2019: nierozpoznany symbol zewnętrzny "__declspec(dllimport) public: __cdecl sf::RenderWindow::RenderWindow(class sf::VideoMode,class sf::String const &,unsigned int,struct sf::ContextSettings const &)" (__imp_??0RenderWindow@sf@@QEAA@VVideoMode@1@AEBVString@1@IAEBUContextSettings@1@@Z) przywołany w funkcji main
main.obj : error LNK2019: nierozpoznany symbol zewnętrzny "__declspec(dllimport) public: virtual __cdecl sf::RenderWindow::~RenderWindow(void)" (__imp_??1RenderWindow@sf@@UEAA@XZ) przywołany w funkcji main
cSpace.obj : error LNK2019: nierozpoznany symbol zewnętrzny "__declspec(dllimport) public: void __cdecl sf::Window::close(void)" (__imp_?close@Window@sf@@QEAAXXZ) przywołany w funkcji "public: void __cdecl cSpace::Fight(class cHero *,class std::vector<class cInvader *,class std::allocator<class cInvader *> > &,class cPoints &)" (?Fight@cSpace@@QEAAXPEAVcHero@@AEAV?$vector@PEAVcInvader@@V?$allocator@PEAVcInvader@@@std@@@std@@AEAVcPoints@@@Z)
cSpace.obj : error LNK2019: nierozpoznany symbol zewnętrzny "__declspec(dllimport) public: bool __cdecl sf::Window::pollEvent(class sf::Event &)" (__imp_?pollEvent@Window@sf@@QEAA_NAEAVEvent@2@@Z) przywołany w funkcji "public: void __cdecl cSpace::Fight(class cHero *,class std::vector<class cInvader *,class std::allocator<class cInvader *> > &,class cPoints &)" (?Fight@cSpace@@QEAAXPEAVcHero@@AEAV?$vector@PEAVcInvader@@V?$allocator@PEAVcInvader@@@std@@@std@@AEAVcPoints@@@Z)
cSpace.obj : error LNK2019: nierozpoznany symbol zewnętrzny "__declspec(dllimport) public: bool __cdecl sf::Window::hasFocus(void)const " (__imp_?hasFocus@Window@sf@@QEBA_NXZ) przywołany w funkcji "public: void __cdecl cSpace::Fight(class cHero *,class std::vector<class cInvader *,class std::allocator<class cInvader *> > &,class cPoints &)" (?Fight@cSpace@@QEAAXPEAVcHero@@AEAV?$vector@PEAVcInvader@@V?$allocator@PEAVcInvader@@@std@@@std@@AEAVcPoints@@@Z)
cSpace.obj : error LNK2019: nierozpoznany symbol zewnętrzny "__declspec(dllimport) public: void __cdecl sf::Window::display(void)" (__imp_?display@Window@sf@@QEAAXXZ) przywołany w funkcji "public: void __cdecl cSpace::Fight(class cHero *,class std::vector<class cInvader *,class std::allocator<class cInvader *> > &,class cPoints &)" (?Fight@cSpace@@QEAAXPEAVcHero@@AEAV?$vector@PEAVcInvader@@V?$allocator@PEAVcInvader@@@std@@@std@@AEAVcPoints@@@Z)
cSpace.obj : error LNK2019: nierozpoznany symbol zewnętrzny "__declspec(dllimport) public: void __cdecl sf::Texture::setRepeated(bool)" (__imp_?setRepeated@Texture@sf@@QEAAX_N@Z) przywołany w funkcji "public: __cdecl cSpace::cSpace(class sf::RenderWindow *)" (??0cSpace@@QEAA@PEAVRenderWindow@sf@@@Z)
cSpace.obj : error LNK2019: nierozpoznany symbol zewnętrzny "__declspec(dllimport) public: void __cdecl sf::RenderTarget::clear(class sf::Color const &)" (__imp_?clear@RenderTarget@sf@@QEAAXAEBVColor@2@@Z) przywołany w funkcji "public: void __cdecl cSpace::Fight(class cHero *,class std::vector<class cInvader *,class std::allocator<class cInvader *> > &,class cPoints &)" (?Fight@cSpace@@QEAAXPEAVcHero@@AEAV?$vector@PEAVcInvader@@V?$allocator@PEAVcInvader@@@std@@@std@@AEAVcPoints@@@Z)
cSpace.obj : error LNK2019: nierozpoznany symbol zewnętrzny "__declspec(dllimport) public: __cdecl sf::Sprite::Sprite(void)" (__imp_??0Sprite@sf@@QEAA@XZ) przywołany w funkcji "public: __cdecl cSpace::cSpace(class sf::RenderWindow *)" (??0cSpace@@QEAA@PEAVRenderWindow@sf@@@Z)
cSpace.obj : error LNK2019: nierozpoznany symbol zewnętrzny "__declspec(dllimport) public: void __cdecl sf::Sprite::setTexture(class sf::Texture const &,bool)" (__imp_?setTexture@Sprite@sf@@QEAAXAEBVTexture@2@_N@Z) przywołany w funkcji "public: __cdecl cSpace::cSpace(class sf::RenderWindow *)" (??0cSpace@@QEAA@PEAVRenderWindow@sf@@@Z)
cSpace.obj : error LNK2019: nierozpoznany symbol zewnętrzny "__declspec(dllimport) public: void __cdecl sf::Sprite::setTextureRect(class sf::Rect<int> const &)" (__imp_?setTextureRect@Sprite@sf@@QEAAXAEBV?$Rect@H@2@@Z) przywołany w funkcji "public: __cdecl cSpace::cSpace(class sf::RenderWindow *)" (??0cSpace@@QEAA@PEAVRenderWindow@sf@@@Z)
cSpace.obj : error LNK2019: nierozpoznany symbol zewnętrzny "__declspec(dllimport) public: virtual __cdecl sf::Sprite::~Sprite(void)" (__imp_??1Sprite@sf@@UEAA@XZ) przywołany w funkcji "int `public: __cdecl cSpace::cSpace(class sf::RenderWindow *)'::`1'::dtor$0" (?dtor$0@?0???0cSpace@@QEAA@PEAVRenderWindow@sf@@@Z@4HA)
cSpace.obj : error LNK2019: nierozpoznany symbol zewnętrzny "__declspec(dllimport) public: __cdecl sf::Sprite::Sprite(class sf::Sprite const &)" (__imp_??0Sprite@sf@@QEAA@AEBV01@@Z) przywołany w funkcji "public: class sf::Sprite __cdecl cSpace::getBackground(void)" (?getBackground@cSpace@@QEAA?AVSprite@sf@@XZ)
P:\Git\SpaceInvaders\x64\Debug\SpaceInvaders.exe : fatal error LNK1120: liczba nierozpoznanych elementów zewnętrznych: 43
